This is pdfTeX, Version 3.14159265-2.6-1.40.20 (TeX Live 2019/Arch Linux) (preloaded format=pdflatex 2019.6.22)  25 JUN 2019 20:30
entering extended mode
 restricted \write18 enabled.
 file:line:error style messages enabled.
 %&-line parsing enabled.
**/home/viga211/Scrivania/TesiTriennale/Tesi/Tesi.tex
(/home/viga211/Scrivania/TesiTriennale/Tesi/Tesi.tex
LaTeX2e <2018-12-01>
(/usr/share/texmf-dist/tex/latex/base/book.cls
Document Class: book 2018/09/03 v1.4i Standard LaTeX document class
(/usr/share/texmf-dist/tex/latex/base/bk12.clo
File: bk12.clo 2018/09/03 v1.4i Standard LaTeX file (size option)
)
\c@part=\count80
\c@chapter=\count81
\c@section=\count82
\c@subsection=\count83
\c@subsubsection=\count84
\c@paragraph=\count85
\c@subparagraph=\count86
\c@figure=\count87
\c@table=\count88
\abovecaptionskip=\skip41
\belowcaptionskip=\skip42
\bibindent=\dimen102
) (/usr/share/texmf-dist/tex/latex/pdfpages/pdfpages.sty
Package: pdfpages 2017/10/31 v0.5l Insert pages of external PDF documents (AM)
 (/usr/share/texmf-dist/tex/latex/base/ifthen.sty
Package: ifthen 2014/09/29 v1.1c Standard LaTeX ifthen package (DPC)
) (/usr/share/texmf-dist/tex/latex/tools/calc.sty
Package: calc 2017/05/25 v4.3 Infix arithmetic (KKT,FJ)
\calc@Acount=\count89
\calc@Bcount=\count90
\calc@Adimen=\dimen103
\calc@Bdimen=\dimen104
\calc@Askip=\skip43
\calc@Bskip=\skip44
LaTeX Info: Redefining \setlength on input line 80.
LaTeX Info: Redefining \addtolength on input line 81.
\calc@Ccount=\count91
\calc@Cskip=\skip45
) (/usr/share/texmf-dist/tex/latex/eso-pic/eso-pic.sty
Package: eso-pic 2018/04/12 v2.0h eso-pic (RN)
 (/usr/share/texmf-dist/tex/generic/oberdiek/atbegshi.sty
Package: atbegshi 2016/06/09 v1.18 At begin shipout hook (HO)
 (/usr/share/texmf-dist/tex/generic/oberdiek/infwarerr.sty
Package: infwarerr 2016/05/16 v1.4 Providing info/warning/error messages (HO)
) (/usr/share/texmf-dist/tex/generic/oberdiek/ltxcmds.sty
Package: ltxcmds 2016/05/16 v1.23 LaTeX kernel commands for general use (HO)
) (/usr/share/texmf-dist/tex/generic/oberdiek/ifpdf.sty
Package: ifpdf 2018/09/07 v3.3 Provides the ifpdf switch
)) (/usr/share/texmf-dist/tex/latex/graphics/keyval.sty
Package: keyval 2014/10/28 v1.15 key=value parser (DPC)
\KV@toks@=\toks14
) (/usr/share/texmf-dist/tex/latex/xcolor/xcolor.sty
Package: xcolor 2016/05/11 v2.12 LaTeX color extensions (UK)
 (/usr/share/texmf-dist/tex/latex/graphics-cfg/color.cfg
File: color.cfg 2016/01/02 v1.6 sample color configuration
)
Package xcolor Info: Driver file: pdftex.def on input line 225.
 (/usr/share/texmf-dist/tex/latex/graphics-def/pdftex.def
File: pdftex.def 2018/01/08 v1.0l Graphics/color driver for pdftex
)
Package xcolor Info: Model `cmy' substituted by `cmy0' on input line 1348.
Package xcolor Info: Model `hsb' substituted by `rgb' on input line 1352.
Package xcolor Info: Model `RGB' extended on input line 1364.
Package xcolor Info: Model `HTML' substituted by `rgb' on input line 1366.
Package xcolor Info: Model `Hsb' substituted by `hsb' on input line 1367.
Package xcolor Info: Model `tHsb' substituted by `hsb' on input line 1368.
Package xcolor Info: Model `HSB' substituted by `hsb' on input line 1369.
Package xcolor Info: Model `Gray' substituted by `gray' on input line 1370.
Package xcolor Info: Model `wave' substituted by `hsb' on input line 1371.
)) (/usr/share/texmf-dist/tex/latex/graphics/graphicx.sty
Package: graphicx 2017/06/01 v1.1a Enhanced LaTeX Graphics (DPC,SPQR)
 (/usr/share/texmf-dist/tex/latex/graphics/graphics.sty
Package: graphics 2017/06/25 v1.2c Standard LaTeX Graphics (DPC,SPQR)
 (/usr/share/texmf-dist/tex/latex/graphics/trig.sty
Package: trig 2016/01/03 v1.10 sin cos tan (DPC)
) (/usr/share/texmf-dist/tex/latex/graphics-cfg/graphics.cfg
File: graphics.cfg 2016/06/04 v1.11 sample graphics configuration
)
Package graphics Info: Driver file: pdftex.def on input line 99.
)
\Gin@req@height=\dimen105
\Gin@req@width=\dimen106
)
\AM@pagewidth=\dimen107
\AM@pageheight=\dimen108
 (/usr/share/texmf-dist/tex/latex/pdfpages/pppdftex.def
File: pppdftex.def 2017/10/31 v0.5l Pdfpages driver for pdfTeX (AM)
)
\AM@pagebox=\box27
\AM@global@opts=\toks15
\AM@toc@title=\toks16
\c@AM@survey=\count92
\AM@templatesizebox=\box28
) (/usr/share/texmf-dist/tex/latex/base/inputenc.sty
Package: inputenc 2018/08/11 v1.3c Input encoding file
\inpenc@prehook=\toks17
\inpenc@posthook=\toks18
) (/usr/share/texmf-dist/tex/latex/subfiles/subfiles.sty
Package: subfiles 2018/07/31 Federico Garcia, Gernot Salzer
 (/usr/share/texmf-dist/tex/latex/tools/verbatim.sty
Package: verbatim 2014/10/28 v1.5q LaTeX2e package for verbatim enhancements
\every@verbatim=\toks19
\verbatim@line=\toks20
\verbatim@in@stream=\read1
)) (/usr/share/texmf-dist/tex/latex/minted/minted.sty
Package: minted 2017/07/19 v2.5 Yet another Pygments shim for LaTeX
 (/usr/share/texmf-dist/tex/latex/oberdiek/kvoptions.sty
Package: kvoptions 2016/05/16 v3.12 Key value format for package options (HO)
 (/usr/share/texmf-dist/tex/generic/oberdiek/kvsetkeys.sty
Package: kvsetkeys 2016/05/16 v1.17 Key value parser (HO)
 (/usr/share/texmf-dist/tex/generic/oberdiek/etexcmds.sty
Package: etexcmds 2016/05/16 v1.6 Avoid name clashes with e-TeX commands (HO)
 (/usr/share/texmf-dist/tex/generic/oberdiek/ifluatex.sty
Package: ifluatex 2016/05/16 v1.4 Provides the ifluatex switch (HO)
Package ifluatex Info: LuaTeX not detected.
)))) (/usr/share/texmf-dist/tex/latex/fvextra/fvextra.sty
Package: fvextra 2019/02/04 v1.4 fvextra - extensions and patches for fancyvrb
 (/usr/share/texmf-dist/tex/latex/etoolbox/etoolbox.sty
Package: etoolbox 2018/08/19 v2.5f e-TeX tools for LaTeX (JAW)
\etb@tempcnta=\count93
) (/usr/share/texmf-dist/tex/latex/fancyvrb/fancyvrb.sty
Package: fancyvrb 2019/01/15
 Style option: `fancyvrb' v3.2a <2019/01/15> (tvz)
\FV@CodeLineNo=\count94
\FV@InFile=\read2
\FV@TabBox=\box29
\c@FancyVerbLine=\count95
\FV@StepNumber=\count96
\FV@OutFile=\write3
) (/usr/share/texmf-dist/tex/latex/upquote/upquote.sty
Package: upquote 2012/04/19 v1.3 upright-quote and grave-accent glyphs in verbatim
) (/usr/share/texmf-dist/tex/latex/lineno/lineno.sty
Package: lineno 2005/11/02 line numbers on paragraphs v4.41
\linenopenalty=\count97
\output=\toks21
\linenoprevgraf=\count98
\linenumbersep=\dimen109
\linenumberwidth=\dimen110
\c@linenumber=\count99
\c@pagewiselinenumber=\count100
\c@LN@truepage=\count101
\c@internallinenumber=\count102
\c@internallinenumbers=\count103
\quotelinenumbersep=\dimen111
\bframerule=\dimen112
\bframesep=\dimen113
\bframebox=\box30
LaTeX Info: Redefining \\ on input line 3056.
)
\c@FV@TrueTabGroupLevel=\count104
\c@FV@TrueTabCounter=\count105
\FV@TabBox@Group=\box31
\FV@TmpLength=\skip46
\c@FV@HighlightLinesStart=\count106
\c@FV@HighlightLinesStop=\count107
\FV@LoopCount=\count108
\FV@NCharsBox=\box32
\FV@BreakIndent=\dimen114
\FV@BreakIndentNChars=\count109
\FV@BreakSymbolSepLeft=\dimen115
\FV@BreakSymbolSepLeftNChars=\count110
\FV@BreakSymbolSepRight=\dimen116
\FV@BreakSymbolSepRightNChars=\count111
\FV@BreakSymbolIndentLeft=\dimen117
\FV@BreakSymbolIndentLeftNChars=\count112
\FV@BreakSymbolIndentRight=\dimen118
\FV@BreakSymbolIndentRightNChars=\count113
\c@FancyVerbLineBreakLast=\count114
\FV@LineBox=\box33
\FV@LineIndentBox=\box34
\FV@LineWidth=\dimen119
) (/usr/share/texmf-dist/tex/latex/tools/shellesc.sty
Package: shellesc 2016/06/07 v0.02a unified shell escape interface for LaTeX
Package shellesc Info: Restricted shell escape enabled on input line 69.
) (/usr/share/texmf-dist/tex/latex/ifplatform/ifplatform.sty
Package: ifplatform 2017/10/13 v0.4a Testing for the operating system
 (/usr/share/texmf-dist/tex/generic/oberdiek/pdftexcmds.sty
Package: pdftexcmds 2018/09/10 v0.29 Utility functions of pdfTeX for LuaTeX (HO)
Package pdftexcmds Info: LuaTeX not detected.
Package pdftexcmds Info: \pdf@primitive is available.
Package pdftexcmds Info: \pdf@ifprimitive is available.
Package pdftexcmds Info: \pdfdraftmode found.
) (/usr/share/texmf-dist/tex/generic/oberdiek/catchfile.sty
Package: catchfile 2016/05/16 v1.7 Catch the contents of a file (HO)
)

Package ifplatform Warning: 
    shell escape is disabled, so I can only detect \ifwindows.

) (/usr/share/texmf-dist/tex/generic/xstring/xstring.sty (/usr/share/texmf-dist/tex/generic/xstring/xstring.tex
\integerpart=\count115
\decimalpart=\count116
)
Package: xstring 2019/02/06 v1.83 String manipulations (CT)
) (/usr/share/texmf-dist/tex/latex/framed/framed.sty
Package: framed 2011/10/22 v 0.96: framed or shaded text with page breaks
\OuterFrameSep=\skip47
\fb@frw=\dimen120
\fb@frh=\dimen121
\FrameRule=\dimen122
\FrameSep=\dimen123
) (/usr/share/texmf-dist/tex/latex/float/float.sty
Package: float 2001/11/08 v1.3d Float enhancements (AL)
\c@float@type=\count117
\float@exts=\toks22
\float@box=\box35
\@float@everytoks=\toks23
\@floatcapt=\box36
)
\minted@appexistsfile=\read3
\minted@bgbox=\box37
\minted@code=\write4
\c@minted@FancyVerbLineTemp=\count118
\c@minted@pygmentizecounter=\count119
\@float@every@listing=\toks24
\c@listing=\count120
)
runsystem(mkdir -p _minted-Tesi)...disabled (restricted).



/home/viga211/Scrivania/TesiTriennale/Tesi/Tesi.tex:14: Package minted Error: You must invoke LaTeX with the -shell-escape flag.

See the minted package documentation for explanation.
Type  H <return>  for immediate help.
 ...                                              
                                                  
l.14 \usepackage
                {subcaption}
Pass the -shell-escape flag to LaTeX. Refer to the minted.sty documentation for more information.

(/usr/share/texmf-dist/tex/latex/caption/subcaption.sty
Package: subcaption 2018/05/01 v1.1-162 Sub-captions (AR)
 (/usr/share/texmf-dist/tex/latex/caption/caption.sty
Package: caption 2018/10/06 v3.3-154 Customizing captions (AR)
 (/usr/share/texmf-dist/tex/latex/caption/caption3.sty
Package: caption3 2018/09/12 v1.8c caption3 kernel (AR)
Package caption3 Info: TeX engine: e-TeX on input line 64.
\captionmargin=\dimen124
\captionmargin@=\dimen125
\captionwidth=\dimen126
\caption@tempdima=\dimen127
\caption@indent=\dimen128
\caption@parindent=\dimen129
\caption@hangindent=\dimen130
)
\c@caption@flags=\count121
\c@ContinuedFloat=\count122
Package caption Info: float package is loaded.
)
\c@subfigure=\count123
\c@subtable=\count124
) (/usr/share/texmf-dist/tex/latex/marvosym/marvosym.sty
Package: marvosym 2011/07/20 v2.2 Martin Vogel's Symbols font definitions
) (/usr/share/texmf-dist/tex/latex/setspace/setspace.sty
Package: setspace 2011/12/19 v6.7a set line spacing
) (/usr/share/texmf-dist/tex/latex/amsmath/amsmath.sty
Package: amsmath 2018/12/01 v2.17b AMS math features
\@mathmargin=\skip48

For additional information on amsmath, use the `?' option.
(/usr/share/texmf-dist/tex/latex/amsmath/amstext.sty
Package: amstext 2000/06/29 v2.01 AMS text
 (/usr/share/texmf-dist/tex/latex/amsmath/amsgen.sty
File: amsgen.sty 1999/11/30 v2.0 generic functions
\@emptytoks=\toks25
\ex@=\dimen131
)) (/usr/share/texmf-dist/tex/latex/amsmath/amsbsy.sty
Package: amsbsy 1999/11/29 v1.2d Bold Symbols
\pmbraise@=\dimen132
) (/usr/share/texmf-dist/tex/latex/amsmath/amsopn.sty
Package: amsopn 2016/03/08 v2.02 operator names
)
\inf@bad=\count125
LaTeX Info: Redefining \frac on input line 223.
\uproot@=\count126
\leftroot@=\count127
LaTeX Info: Redefining \overline on input line 385.
\classnum@=\count128
\DOTSCASE@=\count129
LaTeX Info: Redefining \ldots on input line 482.
LaTeX Info: Redefining \dots on input line 485.
LaTeX Info: Redefining \cdots on input line 606.
\Mathstrutbox@=\box38
\strutbox@=\box39
\big@size=\dimen133
LaTeX Font Info:    Redeclaring font encoding OML on input line 729.
LaTeX Font Info:    Redeclaring font encoding OMS on input line 730.
\macc@depth=\count130
\c@MaxMatrixCols=\count131
\dotsspace@=\muskip10
\c@parentequation=\count132
\dspbrk@lvl=\count133
\tag@help=\toks26
\row@=\count134
\column@=\count135
\maxfields@=\count136
\andhelp@=\toks27
\eqnshift@=\dimen134
\alignsep@=\dimen135
\tagshift@=\dimen136
\tagwidth@=\dimen137
\totwidth@=\dimen138
\lineht@=\dimen139
\@envbody=\toks28
\multlinegap=\skip49
\multlinetaggap=\skip50
\mathdisplay@stack=\toks29
LaTeX Info: Redefining \[ on input line 2844.
LaTeX Info: Redefining \] on input line 2845.
) (/usr/share/texmf-dist/tex/latex/amsfonts/amsfonts.sty
Package: amsfonts 2013/01/14 v3.01 Basic AMSFonts support
\symAMSa=\mathgroup4
\symAMSb=\mathgroup5
LaTeX Font Info:    Overwriting math alphabet `\mathfrak' in version `bold'
(Font)                  U/euf/m/n --> U/euf/b/n on input line 106.
) (/usr/share/texmf-dist/tex/latex/amsfonts/amssymb.sty
Package: amssymb 2013/01/14 v3.01 AMS font symbols
) (/usr/share/texmf-dist/tex/generic/babel/babel.sty
Package: babel 2019/04/03 3.29 The Babel package
 (/usr/share/texmf-dist/tex/generic/babel/switch.def
File: switch.def 2019/04/03 3.29 Babel switching mechanism
) (/usr/share/texmf-dist/tex/generic/babel-italian/italian.ldf
Language: italian 2019/01/05 v.1.4.01 Italian support for the babel system
 (/usr/share/texmf-dist/tex/generic/babel/babel.def
File: babel.def 2019/04/03 3.29 Babel common definitions
\babel@savecnt=\count137
\U@D=\dimen140
 (/usr/share/texmf-dist/tex/generic/babel/txtbabel.def)
\bbl@dirlevel=\count138
)
\it@lettering=\count139
\it@doublequoteactive=\count140
\it@ISOcompliance=\count141
)) (/usr/share/texmf-dist/tex/latex/geometry/geometry.sty
Package: geometry 2018/04/16 v5.8 Page Geometry
 (/usr/share/texmf-dist/tex/generic/oberdiek/ifvtex.sty
Package: ifvtex 2016/05/16 v1.6 Detect VTeX and its facilities (HO)
Package ifvtex Info: VTeX not detected.
) (/usr/share/texmf-dist/tex/generic/ifxetex/ifxetex.sty
Package: ifxetex 2010/09/12 v0.6 Provides ifxetex conditional
)
\Gm@cnth=\count142
\Gm@cntv=\count143
\c@Gm@tempcnt=\count144
\Gm@bindingoffset=\dimen141
\Gm@wd@mp=\dimen142
\Gm@odd@mp=\dimen143
\Gm@even@mp=\dimen144
\Gm@layoutwidth=\dimen145
\Gm@layoutheight=\dimen146
\Gm@layouthoffset=\dimen147
\Gm@layoutvoffset=\dimen148
\Gm@dimlist=\toks30
)
runsystem(which pygmentize && touch Tesi.aex)...disabled (restricted).



/home/viga211/Scrivania/TesiTriennale/Tesi/Tesi.tex:33: Package minted Error: You must have `pygmentize' installed to use this package.

See the minted package documentation for explanation.
Type  H <return>  for immediate help.
 ...                                              
                                                  
l.33 \begin{document}
                     
Refer to the installation instructions in the minted documentation for more information.

(/home/viga211/Scrivania/TesiTriennale/Tesi/Tesi.aux)
\openout1 = `Tesi.aux'.

LaTeX Font Info:    Checking defaults for OML/cmm/m/it on input line 33.
LaTeX Font Info:    ... okay on input line 33.
LaTeX Font Info:    Checking defaults for T1/cmr/m/n on input line 33.
LaTeX Font Info:    ... okay on input line 33.
LaTeX Font Info:    Checking defaults for OT1/cmr/m/n on input line 33.
LaTeX Font Info:    ... okay on input line 33.
LaTeX Font Info:    Checking defaults for OMS/cmsy/m/n on input line 33.
LaTeX Font Info:    ... okay on input line 33.
LaTeX Font Info:    Checking defaults for OMX/cmex/m/n on input line 33.
LaTeX Font Info:    ... okay on input line 33.
LaTeX Font Info:    Checking defaults for U/cmr/m/n on input line 33.
LaTeX Font Info:    ... okay on input line 33.
\AtBeginShipoutBox=\box40
 (/usr/share/texmf-dist/tex/context/base/mkii/supp-pdf.mkii
[Loading MPS to PDF converter (version 2006.09.02).]
\scratchcounter=\count145
\scratchdimen=\dimen149
\scratchbox=\box41
\nofMPsegments=\count146
\nofMParguments=\count147
\everyMPshowfont=\toks31
\MPscratchCnt=\count148
\MPscratchDim=\dimen150
\MPnumerator=\count149
\makeMPintoPDFobject=\count150
\everyMPtoPDFconversion=\toks32
) (/usr/share/texmf-dist/tex/latex/oberdiek/epstopdf-base.sty
Package: epstopdf-base 2016/05/15 v2.6 Base part for package epstopdf
 (/usr/share/texmf-dist/tex/latex/oberdiek/grfext.sty
Package: grfext 2016/05/16 v1.2 Manage graphics extensions (HO)
 (/usr/share/texmf-dist/tex/generic/oberdiek/kvdefinekeys.sty
Package: kvdefinekeys 2016/05/16 v1.4 Define keys (HO)
))
Package epstopdf-base Info: Redefining graphics rule for `.eps' on input line 438.
Package grfext Info: Graphics extension search list:
(grfext)             [.pdf,.png,.jpg,.mps,.jpeg,.jbig2,.jb2,.PDF,.PNG,.JPG,.JPEG,.JBIG2,.JB2,.eps]
(grfext)             \AppendGraphicsExtensions on input line 456.
 (/usr/share/texmf-dist/tex/latex/latexconfig/epstopdf-sys.cfg
File: epstopdf-sys.cfg 2010/07/13 v1.3 Configuration of (r)epstopdf for TeX Live
)) (/usr/share/texmf-dist/tex/latex/oberdiek/pdflscape.sty
Package: pdflscape 2016/05/14 v0.11 Display of landscape pages in PDF (HO)
 (/usr/share/texmf-dist/tex/latex/graphics/lscape.sty
Package: lscape 2000/10/22 v3.01 Landscape Pages (DPC)
)
Package pdflscape Info: Auto-detected driver: pdftex on input line 81.
)
Package caption Info: Begin \AtBeginDocument code.
Package caption Info: End \AtBeginDocument code.
LaTeX Info: Redefining \it@ocap on input line 33.
LaTeX Info: Redefining \it@ccap on input line 33.


File italian.ldf warning: 
italian.ldf    With OT1 encoding guillemets are poorly faked
italian.ldf    Use T1 encoding
italian.ldf    or specify a font with command \CaporaliFrom
italian.ldf    See the documentation concerning the babel-italian typesetting 
italian.ldf    on input line 33.

*geometry* driver: auto-detecting
*geometry* detected driver: pdftex
*geometry* verbose mode - [ preamble ] result:
* driver: pdftex
* paper: a4paper
* layout: <same size as paper>
* layoutoffset:(h,v)=(0.0pt,0.0pt)
* modes: twoside 
* h-part:(L,W,R)=(85.35826pt, 426.79135pt, 85.35826pt)
* v-part:(T,H,B)=(85.35826pt, 674.33032pt, 85.35826pt)
* \paperwidth=597.50787pt
* \paperheight=845.04684pt
* \textwidth=426.79135pt
* \textheight=674.33032pt
* \oddsidemargin=13.08827pt
* \evensidemargin=13.08827pt
* \topmargin=-18.78552pt
* \headheight=12.0pt
* \headsep=19.8738pt
* \topskip=12.0pt
* \footskip=30.0pt
* \marginparwidth=88.0pt
* \marginparsep=7.0pt
* \columnsep=10.0pt
* \skip\footins=10.8pt plus 4.0pt minus 2.0pt
* \hoffset=0.0pt
* \voffset=0.0pt
* \mag=1000
* \@twocolumnfalse
* \@twosidetrue
* \@mparswitchtrue
* \@reversemarginfalse
* (1in=72.27pt=25.4mm, 1cm=28.453pt)


Package pdfpages Warning: Option `page' is unknow to \includepdf.
(pdfpages)                Did you mean `pages'? (Note the `s'!)
(pdfpages)                OK, I'll proceed as if it were `pages'.

<copertina2.pdf, id=1, 614.295pt x 794.97pt>
File: copertina2.pdf Graphic file (type pdf)
<use copertina2.pdf>
Package pdftex.def Info: copertina2.pdf  used on input line 35.
(pdftex.def)             Requested size: 614.29349pt x 794.96806pt.
File: copertina2.pdf Graphic file (type pdf)
<use copertina2.pdf>
Package pdftex.def Info: copertina2.pdf  used on input line 35.
(pdftex.def)             Requested size: 614.29349pt x 794.96806pt.
<copertina2.pdf, id=4, page=1, 614.295pt x 794.97pt>
File: copertina2.pdf Graphic file (type pdf)
<use copertina2.pdf, page 1>
Package pdftex.def Info: copertina2.pdf , page1 used on input line 35.
(pdftex.def)             Requested size: 614.29349pt x 794.96806pt.
File: copertina2.pdf Graphic file (type pdf)
<use copertina2.pdf, page 1>
Package pdftex.def Info: copertina2.pdf , page1 used on input line 35.
(pdftex.def)             Requested size: 597.78697pt x 773.60669pt.
File: copertina2.pdf Graphic file (type pdf)
<use copertina2.pdf, page 1>
Package pdftex.def Info: copertina2.pdf , page1 used on input line 35.
(pdftex.def)             Requested size: 597.78697pt x 773.60669pt.
File: copertina2.pdf Graphic file (type pdf)
<use copertina2.pdf, page 1>
Package pdftex.def Info: copertina2.pdf , page1 used on input line 35.
(pdftex.def)             Requested size: 597.78697pt x 773.60669pt.
File: copertina2.pdf Graphic file (type pdf)
<use copertina2.pdf, page 1>
Package pdftex.def Info: copertina2.pdf , page1 used on input line 35.
(pdftex.def)             Requested size: 597.78697pt x 773.60669pt.
[1

 </home/viga211/Scrivania/TesiTriennale/Tesi/copertina2.pdf{/var/lib/texmf/fonts/map/pdftex/updmap/pdftex.map}>] [2

] (/home/viga211/Scrivania/TesiTriennale/Tesi/Tesi.toc
LaTeX Font Info:    Try loading font information for U+msa on input line 4.
 (/usr/share/texmf-dist/tex/latex/amsfonts/umsa.fd
File: umsa.fd 2013/01/14 v3.01 AMS symbols A
)
LaTeX Font Info:    Try loading font information for U+msb on input line 4.
 (/usr/share/texmf-dist/tex/latex/amsfonts/umsb.fd
File: umsb.fd 2013/01/14 v3.01 AMS symbols B
) [3])
\tf@toc=\write5
\openout5 = `Tesi.toc'.

 [4] (/home/viga211/Scrivania/TesiTriennale/Tesi/chapters/introduzione/introduzione.tex
Capitolo 1.

LaTeX Warning: Citation `biciElettrica' on page 1 undefined on input line 10.

[1

] [2]
Underfull \vbox (badness 4647) has occurred while \output is active []

 [3]) [4] (/home/viga211/Scrivania/TesiTriennale/Tesi/chapters/sist_operativi/sis_operativi.tex
Capitolo 2.
[5

]
<images/kernel.png, id=66, 681.79245pt x 553.07004pt>
File: images/kernel.png Graphic file (type png)
<use images/kernel.png>
Package pdftex.def Info: images/kernel.png  used on input line 57.
(pdftex.def)             Requested size: 270.30118pt x 219.2662pt.

Underfull \vbox (badness 10000) has occurred while \output is active []

 [6]
Underfull \vbox (badness 10000) has occurred while \output is active []

 [7 </home/viga211/Scrivania/TesiTriennale/Tesi/images/kernel.png>] [8]
<images/ios1.png, id=78, 849.1725pt x 409.53pt>
File: images/ios1.png Graphic file (type png)
<use images/ios1.png>
Package pdftex.def Info: images/ios1.png  used on input line 157.
(pdftex.def)             Requested size: 256.0748pt x 123.49733pt.


LaTeX Warning: `!h' float specifier changed to `!ht'.

[9]
<images/ios2.png, id=83, 366.36874pt x 138.5175pt>
File: images/ios2.png Graphic file (type png)
<use images/ios2.png>
Package pdftex.def Info: images/ios2.png  used on input line 195.
(pdftex.def)             Requested size: 312.9803pt x 118.33856pt.
 [10 </home/viga211/Scrivania/TesiTriennale/Tesi/images/ios1.png>]) [11 </home/viga211/Scrivania/TesiTriennale/Tesi/images/ios2.png>] (/home/viga211/Scrivania/TesiTriennale/Tesi/chapters/flutter/flutter.tex [12

]
Capitolo 3.
[13] [14]
<images/StateLessApp.png, id=100, 1017.8025pt x 752.8125pt>
File: images/StateLessApp.png Graphic file (type png)
<use images/StateLessApp.png>
Package pdftex.def Info: images/StateLessApp.png  used on input line 88.
(pdftex.def)             Requested size: 256.08069pt x 199.17271pt.
<images/StateLessScreen.png, id=101, 1084.05pt x 1927.2pt>
File: images/StateLessScreen.png Graphic file (type png)
<use images/StateLessScreen.png>
Package pdftex.def Info: images/StateLessScreen.png  used on input line 92.
(pdftex.def)             Requested size: 128.02927pt x 199.14194pt.
 [15 </home/viga211/Scrivania/TesiTriennale/Tesi/images/StateLessApp.png (PNG copy)> </home/viga211/Scrivania/TesiTriennale/Tesi/images/StateLessScreen.png>]
<images/StateFullApp.png, id=109, 1133.73563pt x 919.93687pt>
File: images/StateFullApp.png Graphic file (type png)
<use images/StateFullApp.png>
Package pdftex.def Info: images/StateFullApp.png  used on input line 122.
(pdftex.def)             Requested size: 396.81342pt x 321.98273pt.

Underfull \vbox (badness 10000) has occurred while \output is active []

 [16 </home/viga211/Scrivania/TesiTriennale/Tesi/images/StateFullApp.png (PNG copy)>]
<images/Row.png, id=113, 1084.05pt x 1927.2pt>
File: images/Row.png Graphic file (type png)
<use images/Row.png>
Package pdftex.def Info: images/Row.png  used on input line 156.
(pdftex.def)             Requested size: 128.0387pt x 227.60759pt.
<images/Column.png, id=114, 1084.05pt x 1927.2pt>
File: images/Column.png Graphic file (type png)
<use images/Column.png>
Package pdftex.def Info: images/Column.png  used on input line 160.
(pdftex.def)             Requested size: 128.0387pt x 227.60759pt.


LaTeX Warning: `!h' float specifier changed to `!ht'.

[17]

LaTeX Warning: Citation `material' on page 18 undefined on input line 188.

[18 </home/viga211/Scrivania/TesiTriennale/Tesi/images/Row.png> </home/viga211/Scrivania/TesiTriennale/Tesi/images/Column.png>]
<images/Scaffold.png, id=123, 1927.2pt x 1084.05pt>
File: images/Scaffold.png Graphic file (type png)
<use images/Scaffold.png>
Package pdftex.def Info: images/Scaffold.png  used on input line 212.
(pdftex.def)             Requested size: 384.1096pt x 216.0618pt.
 [19 </home/viga211/Scrivania/TesiTriennale/Tesi/images/Scaffold.png>]
<images/AlertDialog.png, id=128, 1084.05pt x 1927.2pt>
File: images/AlertDialog.png Graphic file (type png)
<use images/AlertDialog.png>
Package pdftex.def Info: images/AlertDialog.png  used on input line 264.
(pdftex.def)             Requested size: 170.71393pt x 303.47679pt.

Underfull \vbox (badness 1348) has occurred while \output is active []

 [20] [21 </home/viga211/Scrivania/TesiTriennale/Tesi/images/AlertDialog.png>]) [22] (/home/viga211/Scrivania/TesiTriennale/Tesi/chapters/utenti/utenti.tex
Capitolo 4.
[23

]
<images/Login.png, id=143, 1084.05pt x 1927.2pt>
File: images/Login.png Graphic file (type png)
<use images/Login.png>
Package pdftex.def Info: images/Login.png  used on input line 37.
(pdftex.def)             Requested size: 162.60048pt x 289.06754pt.
 [24 </home/viga211/Scrivania/TesiTriennale/Tesi/images/Login.png>]
LaTeX Font Info:    Try loading font information for U+mvs on input line 75.
 (/usr/share/texmf-dist/tex/latex/marvosym/umvs.fd) [25]
<images/Authentication.png, id=152, 704.6325pt x 335.00156pt>
File: images/Authentication.png Graphic file (type png)
<use images/Authentication.png>
Package pdftex.def Info: images/Authentication.png  used on input line 87.
(pdftex.def)             Requested size: 384.1122pt x 182.61568pt.
<images/user1.png, id=153, 447.17062pt x 316.93407pt>
File: images/user1.png Graphic file (type png)
<use images/user1.png>
Package pdftex.def Info: images/user1.png  used on input line 116.
(pdftex.def)             Requested size: 284.52756pt x 201.66196pt.
) [26 </home/viga211/Scrivania/TesiTriennale/Tesi/images/Authentication.png (PNG copy)>] [27 </home/viga211/Scrivania/TesiTriennale/Tesi/images/user1.png (PNG copy)>] (/home/viga211/Scrivania/TesiTriennale/Tesi/chapters/dati/dati.tex [28

]
Capitolo 5.
[29]
<images/ERTesi.png, id=167, 751.80875pt x 503.8825pt>
File: images/ERTesi.png Graphic file (type png)
<use images/ERTesi.png>
Package pdftex.def Info: images/ERTesi.png  used on input line 46.
(pdftex.def)             Requested size: 375.90344pt x 251.94063pt.

Underfull \vbox (badness 10000) has occurred while \output is active []

 [30 </home/viga211/Scrivania/TesiTriennale/Tesi/images/ERTesi.png>]
<images/LogicoTesi.png, id=171, 491.58656pt x 91.84312pt>
File: images/LogicoTesi.png Graphic file (type png)
<use images/LogicoTesi.png>
Package pdftex.def Info: images/LogicoTesi.png  used on input line 62.
(pdftex.def)             Requested size: 426.79134pt x 79.74028pt.
 [31 </home/viga211/Scrivania/TesiTriennale/Tesi/images/LogicoTesi.png (PNG copy)>]
<images/query1.png, id=175, 623.32875pt x 374.14781pt>
File: images/query1.png Graphic file (type png)
<use images/query1.png>
Package pdftex.def Info: images/query1.png  used on input line 116.
(pdftex.def)             Requested size: 369.88582pt x 222.02411pt.


LaTeX Warning: `!h' float specifier changed to `!ht'.

[32]
<images/query2.png, id=179, 524.71031pt x 187.45032pt>
File: images/query2.png Graphic file (type png)
<use images/query2.png>
Package pdftex.def Info: images/query2.png  used on input line 147.
(pdftex.def)             Requested size: 341.43306pt x 121.97855pt.


LaTeX Warning: `!h' float specifier changed to `!ht'.

[33 </home/viga211/Scrivania/TesiTriennale/Tesi/images/query1.png (PNG copy)>]) [34 </home/viga211/Scrivania/TesiTriennale/Tesi/images/query2.png (PNG copy)>] (/home/viga211/Scrivania/TesiTriennale/Tesi/chapters/mappa/mappa.tex
Capitolo 6.
[35

]
<images/MapNormale.jpg, id=190, 468.24937pt x 963.6pt>
File: images/MapNormale.jpg Graphic file (type jpg)
<use images/MapNormale.jpg>
Package pdftex.def Info: images/MapNormale.jpg  used on input line 66.
(pdftex.def)             Requested size: 140.84027pt x 256.07324pt.
<images/MapSatellite.jpg, id=191, 468.24937pt x 963.6pt>
File: images/MapSatellite.jpg Graphic file (type jpg)
<use images/MapSatellite.jpg>
Package pdftex.def Info: images/MapSatellite.jpg  used on input line 70.
(pdftex.def)             Requested size: 140.84027pt x 256.07324pt.
<images/MapIbrida.jpg, id=192, 468.24937pt x 963.6pt>
File: images/MapIbrida.jpg Graphic file (type jpg)
<use images/MapIbrida.jpg>
Package pdftex.def Info: images/MapIbrida.jpg  used on input line 74.
(pdftex.def)             Requested size: 140.84027pt x 256.07324pt.
<images/MapRilievo.jpg, id=193, 468.24937pt x 963.6pt>
File: images/MapRilievo.jpg Graphic file (type jpg)
<use images/MapRilievo.jpg>
Package pdftex.def Info: images/MapRilievo.jpg  used on input line 78.
(pdftex.def)             Requested size: 140.84027pt x 256.07324pt.
 [36] [37 </home/viga211/Scrivania/TesiTriennale/Tesi/images/MapNormale.jpg> </home/viga211/Scrivania/TesiTriennale/Tesi/images/MapSatellite.jpg> </home/viga211/Scrivania/TesiTriennale/Tesi/images/MapIbrida.jpg> </home/viga211/Scrivania/TesiTriennale/Tesi/images/MapRilievo.jpg>]
<images/MapFun.jpg, id=200, 468.24937pt x 963.6pt>
File: images/MapFun.jpg Graphic file (type jpg)
<use images/MapFun.jpg>
Package pdftex.def Info: images/MapFun.jpg  used on input line 105.
(pdftex.def)             Requested size: 199.16928pt x 409.87012pt.
<images/MapFunFavourite.jpg, id=201, 468.24937pt x 963.6pt>
File: images/MapFunFavourite.jpg Graphic file (type jpg)
<use images/MapFunFavourite.jpg>
Package pdftex.def Info: images/MapFunFavourite.jpg  used on input line 133.
(pdftex.def)             Requested size: 128.03662pt x 256.07324pt.
<images/MapFunFilter.png, id=202, 1084.05pt x 1927.2pt>
File: images/MapFunFilter.png Graphic file (type png)
<use images/MapFunFilter.png>
Package pdftex.def Info: images/MapFunFilter.png  used on input line 137.
(pdftex.def)             Requested size: 128.02927pt x 256.07324pt.
<images/MapFunNearest.jpg, id=203, 468.24937pt x 963.6pt>
File: images/MapFunNearest.jpg Graphic file (type jpg)
<use images/MapFunNearest.jpg>
Package pdftex.def Info: images/MapFunNearest.jpg  used on input line 142.
(pdftex.def)             Requested size: 128.03662pt x 256.07324pt.


LaTeX Warning: `!h' float specifier changed to `!ht'.

[38]

LaTeX Warning: `!h' float specifier changed to `!ht'.

<images/MapFunSearch1.jpg, id=207, 468.24937pt x 963.6pt>
File: images/MapFunSearch1.jpg Graphic file (type jpg)
<use images/MapFunSearch1.jpg>
Package pdftex.def Info: images/MapFunSearch1.jpg  used on input line 164.
(pdftex.def)             Requested size: 140.84027pt x 256.07324pt.
<images/MapFunSearch2.jpg, id=208, 468.24937pt x 963.6pt>
File: images/MapFunSearch2.jpg Graphic file (type jpg)
<use images/MapFunSearch2.jpg>
Package pdftex.def Info: images/MapFunSearch2.jpg  used on input line 167.
(pdftex.def)             Requested size: 140.84027pt x 256.07324pt.

Underfull \vbox (badness 10000) has occurred while \output is active []

 [39 </home/viga211/Scrivania/TesiTriennale/Tesi/images/MapFun.jpg>]

LaTeX Warning: `!h' float specifier changed to `!ht'.

<images/AddStation1.jpg, id=214, 468.24937pt x 963.6pt>
File: images/AddStation1.jpg Graphic file (type jpg)
<use images/AddStation1.jpg>
Package pdftex.def Info: images/AddStation1.jpg  used on input line 181.
(pdftex.def)             Requested size: 140.84027pt x 256.07324pt.
<images/AddStation4.jpg, id=215, 463.7325pt x 361.35pt>
File: images/AddStation4.jpg Graphic file (type jpg)
<use images/AddStation4.jpg>
Package pdftex.def Info: images/AddStation4.jpg  used on input line 193.
(pdftex.def)             Requested size: 140.84192pt x 109.74567pt.

LaTeX Warning: `!h' float specifier changed to `!ht'.

[40 </home/viga211/Scrivania/TesiTriennale/Tesi/images/MapFunFavourite.jpg> </home/viga211/Scrivania/TesiTriennale/Tesi/images/MapFunFilter.png> </home/viga211/Scrivania/TesiTriennale/Tesi/images/MapFunNearest.jpg>]

LaTeX Warning: `!h' float specifier changed to `!ht'.

<images/AddStation2.jpg, id=220, 468.24937pt x 963.6pt>
File: images/AddStation2.jpg Graphic file (type jpg)
<use images/AddStation2.jpg>
Package pdftex.def Info: images/AddStation2.jpg  used on input line 206.
(pdftex.def)             Requested size: 128.03662pt x 256.07324pt.
<images/AddStation3.jpg, id=221, 468.24937pt x 963.6pt>
File: images/AddStation3.jpg Graphic file (type jpg)
<use images/AddStation3.jpg>
Package pdftex.def Info: images/AddStation3.jpg  used on input line 209.
(pdftex.def)             Requested size: 128.03662pt x 256.07324pt.
<images/AddStation6.jpg, id=222, 459.21562pt x 149.05687pt>
File: images/AddStation6.jpg Graphic file (type jpg)
<use images/AddStation6.jpg>
Package pdftex.def Info: images/AddStation6.jpg  used on input line 236.
(pdftex.def)             Requested size: 226.19888pt x 73.42288pt.
<images/AddStation5.jpg, id=223, 468.24937pt x 963.6pt>
File: images/AddStation5.jpg Graphic file (type jpg)
<use images/AddStation5.jpg>
Package pdftex.def Info: images/AddStation5.jpg  used on input line 253.
(pdftex.def)             Requested size: 140.84192pt x 289.8321pt.
<images/AddStation7.jpg, id=224, 468.24937pt x 963.6pt>
File: images/AddStation7.jpg Graphic file (type jpg)
<use images/AddStation7.jpg>
Package pdftex.def Info: images/AddStation7.jpg  used on input line 268.
(pdftex.def)             Requested size: 140.84192pt x 289.8321pt.
[41 </home/viga211/Scrivania/TesiTriennale/Tesi/images/MapFunSearch1.jpg> </home/viga211/Scrivania/TesiTriennale/Tesi/images/MapFunSearch2.jpg> </home/viga211/Scrivania/TesiTriennale/Tesi/images/AddStation1.jpg>] [42 </home/viga211/Scrivania/TesiTriennale/Tesi/images/AddStation4.jpg> </home/viga211/Scrivania/TesiTriennale/Tesi/images/AddStation2.jpg> </home/viga211/Scrivania/TesiTriennale/Tesi/images/AddStation3.jpg>]

LaTeX Warning: `!h' float specifier changed to `!ht'.

<images/MapCode.png, id=231, 434.37282pt x 230.36063pt>
File: images/MapCode.png Graphic file (type png)
<use images/MapCode.png>
Package pdftex.def Info: images/MapCode.png  used on input line 278.
(pdftex.def)             Requested size: 284.52756pt x 150.8996pt.
<images/MapCode2.png, id=232, 517.18219pt x 140.02313pt>
File: images/MapCode2.png Graphic file (type png)
<use images/MapCode2.png>
Package pdftex.def Info: images/MapCode2.png  used on input line 305.
(pdftex.def)             Requested size: 369.88582pt x 100.14781pt.
<images/MapCode3.png, id=233, 542.025pt x 173.14688pt>
File: images/MapCode3.png Graphic file (type png)
<use images/MapCode3.png>
Package pdftex.def Info: images/MapCode3.png  used on input line 329.
(pdftex.def)             Requested size: 369.88582pt x 118.16104pt.
)
Underfull \vbox (badness 10000) has occurred while \output is active []

 [43 </home/viga211/Scrivania/TesiTriennale/Tesi/images/AddStation6.jpg>]

LaTeX Warning: Text page 44 contains only floats.

[44 </home/viga211/Scrivania/TesiTriennale/Tesi/images/AddStation5.jpg> </home/viga211/Scrivania/TesiTriennale/Tesi/images/AddStation7.jpg>] [45 </home/viga211/Scrivania/TesiTriennale/Tesi/images/MapCode.png (PNG copy)>] [46 </home/viga211/Scrivania/TesiTriennale/Tesi/images/MapCode2.png (PNG copy)> </home/viga211/Scrivania/TesiTriennale/Tesi/images/MapCode3.png (PNG copy)>] (/home/viga211/Scrivania/TesiTriennale/Tesi/chapters/conclusione/conclusione.tex
Capitolo 7.
) [47

] [48] (/home/viga211/Scrivania/TesiTriennale/Tesi/Tesi.bbl
Underfull \hbox (badness 3209) in paragraph at lines 9--13
\OT1/cmr/m/n/12 bike vo-la an-che in ita-lia e se-gna un ul-te-rio-re +19%, 2018.  URL
 []


Underfull \hbox (badness 10000) in paragraph at lines 15--18
[]\OT1/cmr/m/n/12 material.io.  Ma-te-rial de-si-gn, 2019.  URL
 []

) [49

] (/home/viga211/Scrivania/TesiTriennale/Tesi/Tesi.aux)

LaTeX Warning: There were undefined references.


LaTeX Warning: Label(s) may have changed. Rerun to get cross-references right.

 )
(\end occurred inside a group at level 1)

### semi simple group (level 1) entered at line 24 (\begingroup)
### bottom level 
Here is how much of TeX's memory you used:
 9390 strings out of 492623
 154441 string characters out of 6135669
 301123 words of memory out of 5000000
 13047 multiletter control sequences out of 15000+600000
 11998 words of font info for 44 fonts, out of 8000000 for 9000
 1141 hyphenation exceptions out of 8191
 42i,18n,43p,885b,1879s stack positions out of 5000i,500n,10000p,200000b,80000s
</usr/share/texmf-dist/fonts/type1/public/amsfonts/cm/cmbx12.pfb></usr/share/texmf-dist/fonts/type1/public/amsfonts/cm/cmmi12.pfb></usr/share/texmf-dist/fonts/type1/public/amsfonts/cm/cmr10.pfb></usr/share/texmf-dist/fonts/type1/public/amsfonts/cm/cmr12.pfb></usr/share/texmf-dist/fonts/type1/public/amsfonts/cm/cmsl12.pfb></usr/share/texmf-dist/fonts/type1/public/amsfonts/cm/cmti12.pfb></usr/share/texmf-dist/fonts/type1/public/amsfonts/cm/cmtt12.pfb></usr/share/texmf-dist/fonts/type1/public/marvosym/marvosym.pfb>
Output written on /home/viga211/Scrivania/TesiTriennale/Tesi/Tesi.pdf (53 pages, 6336947 bytes).
PDF statistics:
 285 PDF objects out of 1000 (max. 8388607)
 159 compressed objects within 2 object streams
 0 named destinations out of 1000 (max. 500000)
 206 words of extra memory for PDF output out of 10000 (max. 10000000)

